d:\вуз\3 курс\1 семестр\практика\newversion\photoshop 99.0 (3)\photoshop 99.0\debug\photoshop 99.0.pch
d:\вуз\3 курс\1 семестр\практика\newversion\photoshop 99.0 (3)\photoshop 99.0\debug\vc141.pdb
d:\вуз\3 курс\1 семестр\практика\newversion\photoshop 99.0 (3)\photoshop 99.0\debug\stdafx.obj
d:\вуз\3 курс\1 семестр\практика\newversion\photoshop 99.0 (3)\photoshop 99.0\debug\form1.obj
d:\вуз\3 курс\1 семестр\практика\newversion\photoshop 99.0 (3)\photoshop 99.0\debug\cppclr_winformsprojekt.obj
d:\вуз\3 курс\1 семестр\практика\newversion\photoshop 99.0 (3)\photoshop 99.0\debug\assemblyinfo.obj
d:\вуз\3 курс\1 семестр\практика\newversion\photoshop 99.0 (3)\photoshop 99.0\debug\.netframework,version=v4.5.2.assemblyattributes.obj
d:\вуз\3 курс\1 семестр\практика\newversion\photoshop 99.0 (3)\photoshop 99.0\debug\.netframework,version=v4.5.2.assemblyattributes.asm
d:\вуз\3 курс\1 семестр\практика\newversion\photoshop 99.0 (3)\debug\photoshop 99.0.exe
d:\вуз\3 курс\1 семестр\практика\newversion\photoshop 99.0 (3)\debug\photoshop 99.0.pdb
d:\вуз\3 курс\1 семестр\практика\newversion\photoshop 99.0 (3)\photoshop 99.0\debug\photoshop_99_0.form1.resources
d:\вуз\3 курс\1 семестр\практика\newversion\photoshop 99.0 (3)\photoshop 99.0\debug\app.res
d:\вуз\3 курс\1 семестр\практика\newversion\photoshop 99.0 (3)\photoshop 99.0\debug\photoshop 99.0.vcxproj.generateresource.cache
d:\вуз\3 курс\1 семестр\практика\newversion\photoshop 99.0 (3)\photoshop 99.0\debug\photoshop 99.0.tlog\cl.command.1.tlog
d:\вуз\3 курс\1 семестр\практика\newversion\photoshop 99.0 (3)\photoshop 99.0\debug\photoshop 99.0.tlog\cl.read.1.tlog
d:\вуз\3 курс\1 семестр\практика\newversion\photoshop 99.0 (3)\photoshop 99.0\debug\photoshop 99.0.tlog\cl.write.1.tlog
d:\вуз\3 курс\1 семестр\практика\newversion\photoshop 99.0 (3)\photoshop 99.0\debug\photoshop 99.0.tlog\link.command.1.tlog
d:\вуз\3 курс\1 семестр\практика\newversion\photoshop 99.0 (3)\photoshop 99.0\debug\photoshop 99.0.tlog\link.read.1.tlog
d:\вуз\3 курс\1 семестр\практика\newversion\photoshop 99.0 (3)\photoshop 99.0\debug\photoshop 99.0.tlog\link.write.1.tlog
d:\вуз\3 курс\1 семестр\практика\newversion\photoshop 99.0 (3)\photoshop 99.0\debug\photoshop 99.0.tlog\metagen.read.1.tlog
d:\вуз\3 курс\1 семестр\практика\newversion\photoshop 99.0 (3)\photoshop 99.0\debug\photoshop 99.0.tlog\metagen.write.1.tlog
d:\вуз\3 курс\1 семестр\практика\newversion\photoshop 99.0 (3)\photoshop 99.0\debug\photoshop 99.0.tlog\photoshop 99.0.write.1u.tlog
d:\вуз\3 курс\1 семестр\практика\newversion\photoshop 99.0 (3)\photoshop 99.0\debug\photoshop 99.0.tlog\rc.command.1.tlog
d:\вуз\3 курс\1 семестр\практика\newversion\photoshop 99.0 (3)\photoshop 99.0\debug\photoshop 99.0.tlog\rc.read.1.tlog
d:\вуз\3 курс\1 семестр\практика\newversion\photoshop 99.0 (3)\photoshop 99.0\debug\photoshop 99.0.tlog\rc.write.1.tlog
